<?xml version="1.0" encoding="UTF-8"?>
<!-- Generated by org.testng.reporters.JUnitReportReporter -->
<testsuite skipped="0" hostname="HIPUNL62999" name="com.crm.qa.testCases.LoginPageTest" tests="1" failures="0" timestamp="2021-03-30T12:43:18 IST" time="20.650" errors="0">
  <testcase name="loginTest" time="20.650" classname="com.crm.qa.testCases.LoginPageTest"/>
  <system-out/>
</testsuite> <!-- com.crm.qa.testCases.LoginPageTest -->
