<?xml version="1.0" encoding="UTF-8"?>
<!-- Generated by org.testng.reporters.JUnitReportReporter -->
<testsuite hostname="HIPUNL62999" failures="0" tests="1" name="com.crm.qa.testCases.LoginPageTest" time="19.518" errors="0" timestamp="2021-03-25T15:18:25 IST" skipped="0">
  <testcase classname="com.crm.qa.testCases.LoginPageTest" name="loginTest" time="19.518"/>
  <system-out/>
</testsuite> <!-- com.crm.qa.testCases.LoginPageTest -->
