<?xml version="1.0" encoding="UTF-8"?>
<!-- Generated by org.testng.reporters.JUnitReportReporter -->
<testsuite hostname="HIPUNL62999" failures="0" tests="1" name="com.crm.qa.testCases.LoginPageTest" time="21.145" errors="0" timestamp="2021-03-25T18:45:41 IST" skipped="0">
  <testcase classname="com.crm.qa.testCases.LoginPageTest" name="loginTest" time="21.145"/>
  <system-out/>
</testsuite> <!-- com.crm.qa.testCases.LoginPageTest -->
